Determining if the pthread_create exist failed with the following output:
Change Dir: /home/dgnr/Bureau/Mini-Lab-master/minilab_hardware/build/CMakeFiles/CMakeTmp

Run Build Command:/usr/bin/make "cmTryCompileExec3891394637/fast"
/usr/bin/make -f CMakeFiles/cmTryCompileExec3891394637.dir/build.make CMakeFiles/cmTryCompileExec3891394637.dir/build
make[1]: entrant dans le répertoire « /home/dgnr/Bureau/Mini-Lab-master/minilab_hardware/build/CMakeFiles/CMakeTmp »
/usr/bin/cmake -E cmake_progress_report /home/dgnr/Bureau/Mini-Lab-master/minilab_hardware/build/CMakeFiles/CMakeTmp/CMakeFiles 1
Building C object CMakeFiles/cmTryCompileExec3891394637.dir/CheckSymbolExists.c.o
/usr/bin/cc    -o CMakeFiles/cmTryCompileExec3891394637.dir/CheckSymbolExists.c.o   -c /home/dgnr/Bureau/Mini-Lab-master/minilab_hardware/build/CMakeFiles/CMakeTmp/CheckSymbolExists.c
Linking C executable cmTryCompileExec3891394637
/usr/bin/cmake -E cmake_link_script CMakeFiles/cmTryCompileExec3891394637.dir/link.txt --verbose=1
/usr/bin/cc       CMakeFiles/cmTryCompileExec3891394637.dir/CheckSymbolExists.c.o  -o cmTryCompileExec3891394637 -rdynamic 
CMakeFiles/cmTryCompileExec3891394637.dir/CheckSymbolExists.c.o : Dans la fonction « main » :
CheckSymbolExists.c:(.text+0x16) : référence indéfinie vers « pthread_create »
collect2: error: ld returned 1 exit status
make[1]: *** [cmTryCompileExec3891394637] Erreur 1
make[1]: quittant le répertoire « /home/dgnr/Bureau/Mini-Lab-master/minilab_hardware/build/CMakeFiles/CMakeTmp »
make: *** [cmTryCompileExec3891394637/fast] Erreur 2

File /home/dgnr/Bureau/Mini-Lab-master/minilab_hardware/build/CMakeFiles/CMakeTmp/CheckSymbolExists.c:
/* */
#include <pthread.h>

int main(int argc, char** argv)
{
  (void)argv;
#ifndef pthread_create
  return ((int*)(&pthread_create))[argc];
#else
  (void)argc;
  return 0;
#endif
}

Determining if the function pthread_create exists in the pthreads failed with the following output:
Change Dir: /home/dgnr/Bureau/Mini-Lab-master/minilab_hardware/build/CMakeFiles/CMakeTmp

Run Build Command:/usr/bin/make "cmTryCompileExec617945344/fast"
/usr/bin/make -f CMakeFiles/cmTryCompileExec617945344.dir/build.make CMakeFiles/cmTryCompileExec617945344.dir/build
make[1]: entrant dans le répertoire « /home/dgnr/Bureau/Mini-Lab-master/minilab_hardware/build/CMakeFiles/CMakeTmp »
/usr/bin/cmake -E cmake_progress_report /home/dgnr/Bureau/Mini-Lab-master/minilab_hardware/build/CMakeFiles/CMakeTmp/CMakeFiles 1
Building C object CMakeFiles/cmTryCompileExec617945344.dir/CheckFunctionExists.c.o
/usr/bin/cc   -DCHECK_FUNCTION_EXISTS=pthread_create   -o CMakeFiles/cmTryCompileExec617945344.dir/CheckFunctionExists.c.o   -c /usr/share/cmake-2.8/Modules/CheckFunctionExists.c
Linking C executable cmTryCompileExec617945344
/usr/bin/cmake -E cmake_link_script CMakeFiles/cmTryCompileExec617945344.dir/link.txt --verbose=1
/usr/bin/cc   -DCHECK_FUNCTION_EXISTS=pthread_create    CMakeFiles/cmTryCompileExec617945344.dir/CheckFunctionExists.c.o  -o cmTryCompileExec617945344 -rdynamic -lpthreads 
/usr/bin/ld : ne peut trouver -lpthreads
collect2: error: ld returned 1 exit status
make[1]: *** [cmTryCompileExec617945344] Erreur 1
make[1]: quittant le répertoire « /home/dgnr/Bureau/Mini-Lab-master/minilab_hardware/build/CMakeFiles/CMakeTmp »
make: *** [cmTryCompileExec617945344/fast] Erreur 2


