Determining if the pthread_create exist failed with the following output:
Change Dir: /home/dgnr/Bureau/Mini-Lab-master/minilab_workstation/build/CMakeFiles/CMakeTmp

Run Build Command:/usr/bin/make "cmTryCompileExec3809252658/fast"
/usr/bin/make -f CMakeFiles/cmTryCompileExec3809252658.dir/build.make CMakeFiles/cmTryCompileExec3809252658.dir/build
make[1]: entrant dans le répertoire « /home/dgnr/Bureau/Mini-Lab-master/minilab_workstation/build/CMakeFiles/CMakeTmp »
/usr/bin/cmake -E cmake_progress_report /home/dgnr/Bureau/Mini-Lab-master/minilab_workstation/build/CMakeFiles/CMakeTmp/CMakeFiles 1
Building C object CMakeFiles/cmTryCompileExec3809252658.dir/CheckSymbolExists.c.o
/usr/bin/cc    -o CMakeFiles/cmTryCompileExec3809252658.dir/CheckSymbolExists.c.o   -c /home/dgnr/Bureau/Mini-Lab-master/minilab_workstation/build/CMakeFiles/CMakeTmp/CheckSymbolExists.c
Linking C executable cmTryCompileExec3809252658
/usr/bin/cmake -E cmake_link_script CMakeFiles/cmTryCompileExec3809252658.dir/link.txt --verbose=1
/usr/bin/cc       CMakeFiles/cmTryCompileExec3809252658.dir/CheckSymbolExists.c.o  -o cmTryCompileExec3809252658 -rdynamic 
CMakeFiles/cmTryCompileExec3809252658.dir/CheckSymbolExists.c.o : Dans la fonction « main » :
CheckSymbolExists.c:(.text+0x16) : référence indéfinie vers « pthread_create »
collect2: error: ld returned 1 exit status
make[1]: *** [cmTryCompileExec3809252658] Erreur 1
make[1]: quittant le répertoire « /home/dgnr/Bureau/Mini-Lab-master/minilab_workstation/build/CMakeFiles/CMakeTmp »
make: *** [cmTryCompileExec3809252658/fast] Erreur 2

File /home/dgnr/Bureau/Mini-Lab-master/minilab_workstation/build/CMakeFiles/CMakeTmp/CheckSymbolExists.c:
/* */
#include <pthread.h>

int main(int argc, char** argv)
{
  (void)argv;
#ifndef pthread_create
  return ((int*)(&pthread_create))[argc];
#else
  (void)argc;
  return 0;
#endif
}

Determining if the function pthread_create exists in the pthreads failed with the following output:
Change Dir: /home/dgnr/Bureau/Mini-Lab-master/minilab_workstation/build/CMakeFiles/CMakeTmp

Run Build Command:/usr/bin/make "cmTryCompileExec708987968/fast"
/usr/bin/make -f CMakeFiles/cmTryCompileExec708987968.dir/build.make CMakeFiles/cmTryCompileExec708987968.dir/build
make[1]: entrant dans le répertoire « /home/dgnr/Bureau/Mini-Lab-master/minilab_workstation/build/CMakeFiles/CMakeTmp »
/usr/bin/cmake -E cmake_progress_report /home/dgnr/Bureau/Mini-Lab-master/minilab_workstation/build/CMakeFiles/CMakeTmp/CMakeFiles 1
Building C object CMakeFiles/cmTryCompileExec708987968.dir/CheckFunctionExists.c.o
/usr/bin/cc   -DCHECK_FUNCTION_EXISTS=pthread_create   -o CMakeFiles/cmTryCompileExec708987968.dir/CheckFunctionExists.c.o   -c /usr/share/cmake-2.8/Modules/CheckFunctionExists.c
Linking C executable cmTryCompileExec708987968
/usr/bin/cmake -E cmake_link_script CMakeFiles/cmTryCompileExec708987968.dir/link.txt --verbose=1
/usr/bin/cc   -DCHECK_FUNCTION_EXISTS=pthread_create    CMakeFiles/cmTryCompileExec708987968.dir/CheckFunctionExists.c.o  -o cmTryCompileExec708987968 -rdynamic -lpthreads 
/usr/bin/ld : ne peut trouver -lpthreads
collect2: error: ld returned 1 exit status
make[1]: *** [cmTryCompileExec708987968] Erreur 1
make[1]: quittant le répertoire « /home/dgnr/Bureau/Mini-Lab-master/minilab_workstation/build/CMakeFiles/CMakeTmp »
make: *** [cmTryCompileExec708987968/fast] Erreur 2


